# JRE version: Java(TM) SE Runtime Environment (8.0_161-b12) (build 1.8.0_161-b12)
# Java VM: Java HotSpot(TM) 64-Bit Server VM (25.161-b12 mixed mode windows-amd64 compressed oops)
Heap:
 PSYoungGen      total 9728K, used 9235K [0x00000000f5980000, 0x00000000f6400000, 0x0000000100000000)
  eden space 8704K, 94% used [0x00000000f5980000,0x00000000f618c638,0x00000000f6200000)
  from space 1024K, 97% used [0x00000000f6300000,0x00000000f63f8850,0x00000000f6400000)
  to   space 1024K, 0% used [0x00000000f6200000,0x00000000f6200000,0x00000000f6300000)
 ParOldGen       total 22016K, used 5527K [0x00000000e0c00000, 0x00000000e2180000, 0x00000000f5980000)
  object space 22016K, 25% used [0x00000000e0c00000,0x00000000e1165f78,0x00000000e2180000)
 Metaspace       used 16127K, capacity 16352K, committed 16512K, reserved 1062912K
  class space    used 2056K, capacity 2141K, committed 2176K, reserved 1048576K
GC Heap History (4 events):
Event: 2.540 GC heap before
{Heap before GC invocations=1 (full 0):
 PSYoungGen      total 9728K, used 8704K [0x00000000f5980000, 0x00000000f6400000, 0x0000000100000000)
  eden space 8704K, 100% used [0x00000000f5980000,0x00000000f6200000,0x00000000f6200000)
  from space 1024K, 0% used [0x00000000f6300000,0x00000000f6300000,0x00000000f6400000)
  to   space 1024K, 0% used [0x00000000f6200000,0x00000000f6200000,0x00000000f6300000)
 ParOldGen       total 22016K, used 0K [0x00000000e0c00000, 0x00000000e2180000, 0x00000000f5980000)
  object space 22016K, 0% used [0x00000000e0c00000,0x00000000e0c00000,0x00000000e2180000)
 Metaspace       used 12591K, capacity 12762K, committed 12928K, reserved 1060864K
  class space    used 1578K, capacity 1655K, committed 1664K, reserved 1048576K
Event: 2.552 GC heap after
Heap after GC invocations=1 (full 0):
 PSYoungGen      total 9728K, used 1008K [0x00000000f5980000, 0x00000000f6400000, 0x0000000100000000)
  eden space 8704K, 0% used [0x00000000f5980000,0x00000000f5980000,0x00000000f6200000)
  from space 1024K, 98% used [0x00000000f6200000,0x00000000f62fc010,0x00000000f6300000)
  to   space 1024K, 0% used [0x00000000f6300000,0x00000000f6300000,0x00000000f6400000)
 ParOldGen       total 22016K, used 1886K [0x00000000e0c00000, 0x00000000e2180000, 0x00000000f5980000)
  object space 22016K, 8% used [0x00000000e0c00000,0x00000000e0dd7b38,0x00000000e2180000)
 Metaspace       used 12591K, capacity 12762K, committed 12928K, reserved 1060864K
  class space    used 1578K, capacity 1655K, committed 1664K, reserved 1048576K
}
Event: 3.404 GC heap before
{Heap before GC invocations=2 (full 0):
 PSYoungGen      total 9728K, used 7229K [0x00000000f5980000, 0x00000000f6400000, 0x0000000100000000)
  eden space 8704K, 71% used [0x00000000f5980000,0x00000000f5f93468,0x00000000f6200000)
  from space 1024K, 98% used [0x00000000f6200000,0x00000000f62fc010,0x00000000f6300000)
  to   space 1024K, 0% used [0x00000000f6300000,0x00000000f6300000,0x00000000f6400000)
 ParOldGen       total 22016K, used 1886K [0x00000000e0c00000, 0x00000000e2180000, 0x00000000f5980000)
  object space 22016K, 8% used [0x00000000e0c00000,0x00000000e0dd7b38,0x00000000e2180000)
 Metaspace       used 14662K, capacity 14886K, committed 14976K, reserved 1062912K
  class space    used 1831K, capacity 1916K, committed 1920K, reserved 1048576K
Event: 3.415 GC heap after
Heap after GC invocations=2 (full 0):
 PSYoungGen      total 9728K, used 994K [0x00000000f5980000, 0x00000000f6400000, 0x0000000100000000)
  eden space 8704K, 0% used [0x00000000f5980000,0x00000000f5980000,0x00000000f6200000)
  from space 1024K, 97% used [0x00000000f6300000,0x00000000f63f8850,0x00000000f6400000)
  to   space 1024K, 0% used [0x00000000f6200000,0x00000000f6200000,0x00000000f6300000)
 ParOldGen       total 22016K, used 5527K [0x00000000e0c00000, 0x00000000e2180000, 0x00000000f5980000)
  object space 22016K, 25% used [0x00000000e0c00000,0x00000000e1165f78,0x00000000e2180000)
 Metaspace       used 14662K, capacity 14886K, committed 14976K, reserved 1062912K
  class space    used 1831K, capacity 1916K, committed 1920K, reserved 1048576K
}

