# JRE version: Java(TM) SE Runtime Environment (8.0_161-b12) (build 1.8.0_161-b12)
# Java VM: Java HotSpot(TM) 64-Bit Server VM (25.161-b12 mixed mode windows-amd64 compressed oops)
Heap:
 PSYoungGen      total 9728K, used 5091K [0x00000000f5980000, 0x00000000f6400000, 0x0000000100000000)
  eden space 8704K, 46% used [0x00000000f5980000,0x00000000f5d7cc88,0x00000000f6200000)
  from space 1024K, 98% used [0x00000000f6200000,0x00000000f62fc040,0x00000000f6300000)
  to   space 1024K, 0% used [0x00000000f6300000,0x00000000f6300000,0x00000000f6400000)
 ParOldGen       total 22016K, used 11847K [0x00000000e0c00000, 0x00000000e2180000, 0x00000000f5980000)
  object space 22016K, 53% used [0x00000000e0c00000,0x00000000e1791ce0,0x00000000e2180000)
 Metaspace       used 16950K, capacity 17164K, committed 17408K, reserved 1064960K
  class space    used 2112K, capacity 2177K, committed 2304K, reserved 1048576K
GC Heap History (6 events):
Event: 6.954 GC heap before
{Heap before GC invocations=1 (full 0):
 PSYoungGen      total 9728K, used 8704K [0x00000000f5980000, 0x00000000f6400000, 0x0000000100000000)
  eden space 8704K, 100% used [0x00000000f5980000,0x00000000f6200000,0x00000000f6200000)
  from space 1024K, 0% used [0x00000000f6300000,0x00000000f6300000,0x00000000f6400000)
  to   space 1024K, 0% used [0x00000000f6200000,0x00000000f6200000,0x00000000f6300000)
 ParOldGen       total 22016K, used 0K [0x00000000e0c00000, 0x00000000e2180000, 0x00000000f5980000)
  object space 22016K, 0% used [0x00000000e0c00000,0x00000000e0c00000,0x00000000e2180000)
 Metaspace       used 12472K, capacity 12686K, committed 12928K, reserved 1060864K
  class space    used 1573K, capacity 1655K, committed 1664K, reserved 1048576K
Event: 6.977 GC heap after
Heap after GC invocations=1 (full 0):
 PSYoungGen      total 9728K, used 1003K [0x00000000f5980000, 0x00000000f6400000, 0x0000000100000000)
  eden space 8704K, 0% used [0x00000000f5980000,0x00000000f5980000,0x00000000f6200000)
  from space 1024K, 98% used [0x00000000f6200000,0x00000000f62faec8,0x00000000f6300000)
  to   space 1024K, 0% used [0x00000000f6300000,0x00000000f6300000,0x00000000f6400000)
 ParOldGen       total 22016K, used 1770K [0x00000000e0c00000, 0x00000000e2180000, 0x00000000f5980000)
  object space 22016K, 8% used [0x00000000e0c00000,0x00000000e0dbaaf8,0x00000000e2180000)
 Metaspace       used 12472K, capacity 12686K, committed 12928K, reserved 1060864K
  class space    used 1573K, capacity 1655K, committed 1664K, reserved 1048576K
}
Event: 15.386 GC heap before
{Heap before GC invocations=2 (full 0):
 PSYoungGen      total 9728K, used 7453K [0x00000000f5980000, 0x00000000f6400000, 0x0000000100000000)
  eden space 8704K, 74% used [0x00000000f5980000,0x00000000f5fcc6b8,0x00000000f6200000)
  from space 1024K, 98% used [0x00000000f6200000,0x00000000f62faec8,0x00000000f6300000)
  to   space 1024K, 0% used [0x00000000f6300000,0x00000000f6300000,0x00000000f6400000)
 ParOldGen       total 22016K, used 1770K [0x00000000e0c00000, 0x00000000e2180000, 0x00000000f5980000)
  object space 22016K, 8% used [0x00000000e0c00000,0x00000000e0dbaaf8,0x00000000e2180000)
 Metaspace       used 14574K, capacity 14778K, committed 14976K, reserved 1062912K
  class space    used 1816K, capacity 1884K, committed 1920K, reserved 1048576K
Event: 15.407 GC heap after
Heap after GC invocations=2 (full 0):
 PSYoungGen      total 9728K, used 1008K [0x00000000f5980000, 0x00000000f6400000, 0x0000000100000000)
  eden space 8704K, 0% used [0x00000000f5980000,0x00000000f5980000,0x00000000f6200000)
  from space 1024K, 98% used [0x00000000f6300000,0x00000000f63fc040,0x00000000f6400000)
  to   space 1024K, 0% used [0x00000000f6200000,0x00000000f6200000,0x00000000f6300000)
 ParOldGen       total 22016K, used 5561K [0x00000000e0c00000, 0x00000000e2180000, 0x00000000f5980000)
  object space 22016K, 25% used [0x00000000e0c00000,0x00000000e116e5d8,0x00000000e2180000)
 Metaspace       used 14574K, capacity 14778K, committed 14976K, reserved 1062912K
  class space    used 1816K, capacity 1884K, committed 1920K, reserved 1048576K
}
Event: 23.720 GC heap before
{Heap before GC invocations=3 (full 0):
 PSYoungGen      total 9728K, used 9712K [0x00000000f5980000, 0x00000000f6400000, 0x0000000100000000)
  eden space 8704K, 100% used [0x00000000f5980000,0x00000000f6200000,0x00000000f6200000)
  from space 1024K, 98% used [0x00000000f6300000,0x00000000f63fc040,0x00000000f6400000)
  to   space 1024K, 0% used [0x00000000f6200000,0x00000000f6200000,0x00000000f6300000)
 ParOldGen       total 22016K, used 5561K [0x00000000e0c00000, 0x00000000e2180000, 0x00000000f5980000)
  object space 22016K, 25% used [0x00000000e0c00000,0x00000000e116e5d8,0x00000000e2180000)
 Metaspace       used 16127K, capacity 16340K, committed 16512K, reserved 1062912K
  class space    used 2061K, capacity 2141K, committed 2176K, reserved 1048576K
Event: 23.739 GC heap after
Heap after GC invocations=3 (full 0):
 PSYoungGen      total 9728K, used 1008K [0x00000000f5980000, 0x00000000f6400000, 0x0000000100000000)
  eden space 8704K, 0% used [0x00000000f5980000,0x00000000f5980000,0x00000000f6200000)
  from space 1024K, 98% used [0x00000000f6200000,0x00000000f62fc040,0x00000000f6300000)
  to   space 1024K, 0% used [0x00000000f6300000,0x00000000f6300000,0x00000000f6400000)
 ParOldGen       total 22016K, used 11847K [0x00000000e0c00000, 0x00000000e2180000, 0x00000000f5980000)
  object space 22016K, 53% used [0x00000000e0c00000,0x00000000e1791ce0,0x00000000e2180000)
 Metaspace       used 16127K, capacity 16340K, committed 16512K, reserved 1062912K
  class space    used 2061K, capacity 2141K, committed 2176K, reserved 1048576K
}

