# JRE version: Java(TM) SE Runtime Environment (8.0_161-b12) (build 1.8.0_161-b12)
# Java VM: Java HotSpot(TM) 64-Bit Server VM (25.161-b12 mixed mode windows-amd64 compressed oops)
Heap:
 PSYoungGen      total 17408K, used 10580K [0x00000000f5980000, 0x00000000f6d80000, 0x0000000100000000)
  eden space 15360K, 68% used [0x00000000f5980000,0x00000000f63cd128,0x00000000f6880000)
  from space 2048K, 1% used [0x00000000f6b80000,0x00000000f6b88000,0x00000000f6d80000)
  to   space 2560K, 0% used [0x00000000f6880000,0x00000000f6880000,0x00000000f6b00000)
 ParOldGen       total 22016K, used 10007K [0x00000000e0c00000, 0x00000000e2180000, 0x00000000f5980000)
  object space 22016K, 45% used [0x00000000e0c00000,0x00000000e15c5f70,0x00000000e2180000)
 Metaspace       used 16218K, capacity 16432K, committed 16768K, reserved 1064960K
  class space    used 2025K, capacity 2107K, committed 2176K, reserved 1048576K
GC Heap History (10 events):
Event: 2370.299 GC heap before
{Heap before GC invocations=22 (full 0):
 PSYoungGen      total 15872K, used 15392K [0x00000000f5980000, 0x00000000f6f80000, 0x0000000100000000)
  eden space 15360K, 100% used [0x00000000f5980000,0x00000000f6880000,0x00000000f6880000)
  from space 512K, 6% used [0x00000000f6880000,0x00000000f6888000,0x00000000f6900000)
  to   space 3584K, 0% used [0x00000000f6c00000,0x00000000f6c00000,0x00000000f6f80000)
 ParOldGen       total 22016K, used 10007K [0x00000000e0c00000, 0x00000000e2180000, 0x00000000f5980000)
  object space 22016K, 45% used [0x00000000e0c00000,0x00000000e15c5f70,0x00000000e2180000)
 Metaspace       used 16175K, capacity 16432K, committed 16768K, reserved 1064960K
  class space    used 2025K, capacity 2107K, committed 2176K, reserved 1048576K
Event: 2370.319 GC heap after
Heap after GC invocations=22 (full 0):
 PSYoungGen      total 18944K, used 64K [0x00000000f5980000, 0x00000000f6f80000, 0x0000000100000000)
  eden space 15360K, 0% used [0x00000000f5980000,0x00000000f5980000,0x00000000f6880000)
  from space 3584K, 1% used [0x00000000f6c00000,0x00000000f6c10000,0x00000000f6f80000)
  to   space 3584K, 0% used [0x00000000f6880000,0x00000000f6880000,0x00000000f6c00000)
 ParOldGen       total 22016K, used 10007K [0x00000000e0c00000, 0x00000000e2180000, 0x00000000f5980000)
  object space 22016K, 45% used [0x00000000e0c00000,0x00000000e15c5f70,0x00000000e2180000)
 Metaspace       used 16175K, capacity 16432K, committed 16768K, reserved 1064960K
  class space    used 2025K, capacity 2107K, committed 2176K, reserved 1048576K
}
Event: 2497.992 GC heap before
{Heap before GC invocations=23 (full 0):
 PSYoungGen      total 18944K, used 15424K [0x00000000f5980000, 0x00000000f6f80000, 0x0000000100000000)
  eden space 15360K, 100% used [0x00000000f5980000,0x00000000f6880000,0x00000000f6880000)
  from space 3584K, 1% used [0x00000000f6c00000,0x00000000f6c10000,0x00000000f6f80000)
  to   space 3584K, 0% used [0x00000000f6880000,0x00000000f6880000,0x00000000f6c00000)
 ParOldGen       total 22016K, used 10007K [0x00000000e0c00000, 0x00000000e2180000, 0x00000000f5980000)
  object space 22016K, 45% used [0x00000000e0c00000,0x00000000e15c5f70,0x00000000e2180000)
 Metaspace       used 16175K, capacity 16432K, committed 16768K, reserved 1064960K
  class space    used 2025K, capacity 2107K, committed 2176K, reserved 1048576K
Event: 2497.994 GC heap after
Heap after GC invocations=23 (full 0):
 PSYoungGen      total 15872K, used 32K [0x00000000f5980000, 0x00000000f6e80000, 0x0000000100000000)
  eden space 15360K, 0% used [0x00000000f5980000,0x00000000f5980000,0x00000000f6880000)
  from space 512K, 6% used [0x00000000f6880000,0x00000000f6888000,0x00000000f6900000)
  to   space 3072K, 0% used [0x00000000f6b80000,0x00000000f6b80000,0x00000000f6e80000)
 ParOldGen       total 22016K, used 10007K [0x00000000e0c00000, 0x00000000e2180000, 0x00000000f5980000)
  object space 22016K, 45% used [0x00000000e0c00000,0x00000000e15c5f70,0x00000000e2180000)
 Metaspace       used 16175K, capacity 16432K, committed 16768K, reserved 1064960K
  class space    used 2025K, capacity 2107K, committed 2176K, reserved 1048576K
}
Event: 2624.160 GC heap before
{Heap before GC invocations=24 (full 0):
 PSYoungGen      total 15872K, used 15392K [0x00000000f5980000, 0x00000000f6e80000, 0x0000000100000000)
  eden space 15360K, 100% used [0x00000000f5980000,0x00000000f6880000,0x00000000f6880000)
  from space 512K, 6% used [0x00000000f6880000,0x00000000f6888000,0x00000000f6900000)
  to   space 3072K, 0% used [0x00000000f6b80000,0x00000000f6b80000,0x00000000f6e80000)
 ParOldGen       total 22016K, used 10007K [0x00000000e0c00000, 0x00000000e2180000, 0x00000000f5980000)
  object space 22016K, 45% used [0x00000000e0c00000,0x00000000e15c5f70,0x00000000e2180000)
 Metaspace       used 16175K, capacity 16432K, committed 16768K, reserved 1064960K
  class space    used 2025K, capacity 2107K, committed 2176K, reserved 1048576K
Event: 2624.220 GC heap after
Heap after GC invocations=24 (full 0):
 PSYoungGen      total 18432K, used 64K [0x00000000f5980000, 0x00000000f6e80000, 0x0000000100000000)
  eden space 15360K, 0% used [0x00000000f5980000,0x00000000f5980000,0x00000000f6880000)
  from space 3072K, 2% used [0x00000000f6b80000,0x00000000f6b90000,0x00000000f6e80000)
  to   space 3072K, 0% used [0x00000000f6880000,0x00000000f6880000,0x00000000f6b80000)
 ParOldGen       total 22016K, used 10007K [0x00000000e0c00000, 0x00000000e2180000, 0x00000000f5980000)
  object space 22016K, 45% used [0x00000000e0c00000,0x00000000e15c5f70,0x00000000e2180000)
 Metaspace       used 16175K, capacity 16432K, committed 16768K, reserved 1064960K
  class space    used 2025K, capacity 2107K, committed 2176K, reserved 1048576K
}
Event: 2749.250 GC heap before
{Heap before GC invocations=25 (full 0):
 PSYoungGen      total 18432K, used 15424K [0x00000000f5980000, 0x00000000f6e80000, 0x0000000100000000)
  eden space 15360K, 100% used [0x00000000f5980000,0x00000000f6880000,0x00000000f6880000)
  from space 3072K, 2% used [0x00000000f6b80000,0x00000000f6b90000,0x00000000f6e80000)
  to   space 3072K, 0% used [0x00000000f6880000,0x00000000f6880000,0x00000000f6b80000)
 ParOldGen       total 22016K, used 10007K [0x00000000e0c00000, 0x00000000e2180000, 0x00000000f5980000)
  object space 22016K, 45% used [0x00000000e0c00000,0x00000000e15c5f70,0x00000000e2180000)
 Metaspace       used 16175K, capacity 16432K, committed 16768K, reserved 1064960K
  class space    used 2025K, capacity 2107K, committed 2176K, reserved 1048576K
Event: 2749.298 GC heap after
Heap after GC invocations=25 (full 0):
 PSYoungGen      total 18432K, used 64K [0x00000000f5980000, 0x00000000f6e80000, 0x0000000100000000)
  eden space 15360K, 0% used [0x00000000f5980000,0x00000000f5980000,0x00000000f6880000)
  from space 3072K, 2% used [0x00000000f6880000,0x00000000f6890000,0x00000000f6b80000)
  to   space 3072K, 0% used [0x00000000f6b80000,0x00000000f6b80000,0x00000000f6e80000)
 ParOldGen       total 22016K, used 10007K [0x00000000e0c00000, 0x00000000e2180000, 0x00000000f5980000)
  object space 22016K, 45% used [0x00000000e0c00000,0x00000000e15c5f70,0x00000000e2180000)
 Metaspace       used 16175K, capacity 16432K, committed 16768K, reserved 1064960K
  class space    used 2025K, capacity 2107K, committed 2176K, reserved 1048576K
}
Event: 2875.379 GC heap before
{Heap before GC invocations=26 (full 0):
 PSYoungGen      total 18432K, used 15424K [0x00000000f5980000, 0x00000000f6e80000, 0x0000000100000000)
  eden space 15360K, 100% used [0x00000000f5980000,0x00000000f6880000,0x00000000f6880000)
  from space 3072K, 2% used [0x00000000f6880000,0x00000000f6890000,0x00000000f6b80000)
  to   space 3072K, 0% used [0x00000000f6b80000,0x00000000f6b80000,0x00000000f6e80000)
 ParOldGen       total 22016K, used 10007K [0x00000000e0c00000, 0x00000000e2180000, 0x00000000f5980000)
  object space 22016K, 45% used [0x00000000e0c00000,0x00000000e15c5f70,0x00000000e2180000)
 Metaspace       used 16175K, capacity 16432K, committed 16768K, reserved 1064960K
  class space    used 2025K, capacity 2107K, committed 2176K, reserved 1048576K
Event: 2875.383 GC heap after
Heap after GC invocations=26 (full 0):
 PSYoungGen      total 17408K, used 32K [0x00000000f5980000, 0x00000000f6d80000, 0x0000000100000000)
  eden space 15360K, 0% used [0x00000000f5980000,0x00000000f5980000,0x00000000f6880000)
  from space 2048K, 1% used [0x00000000f6b80000,0x00000000f6b88000,0x00000000f6d80000)
  to   space 2560K, 0% used [0x00000000f6880000,0x00000000f6880000,0x00000000f6b00000)
 ParOldGen       total 22016K, used 10007K [0x00000000e0c00000, 0x00000000e2180000, 0x00000000f5980000)
  object space 22016K, 45% used [0x00000000e0c00000,0x00000000e15c5f70,0x00000000e2180000)
 Metaspace       used 16175K, capacity 16432K, committed 16768K, reserved 1064960K
  class space    used 2025K, capacity 2107K, committed 2176K, reserved 1048576K
}

